-- Found ament_cmake: 1.3.11 (/opt/ros/humble/share/ament_cmake/cmake)
-- Override CMake install command with custom implementation using symlinks instead of copying resources
-- Found urdf: 2.6.1 (/opt/ros/humble/share/urdf/cmake)
-- Found TinyXML2 via Config file: TinyXML2_DIR-NOTFOUND
-- Found ament_cmake_gtest: 1.3.11 (/opt/ros/humble/share/ament_cmake_gtest/cmake)
-- Found ament_cmake_pytest: 1.3.11 (/opt/ros/humble/share/ament_cmake_pytest/cmake)
-- Locale nl_NL not available. Locale test will not be meaningful.
-- Found gtest sources under '/opt/ros/humble/src/gtest_vendor': C++ tests using 'Google Test' will be built
-- Found ament_lint_auto: 0.12.12 (/opt/ros/humble/share/ament_lint_auto/cmake)
-- Configuring done
-- Generating done
-- Build files have been written to: /root/ws_moveit/build/srdfdom
[35m[1mConsolidate compiler generated dependencies of target gtest_main[0m
[35m[1mConsolidate compiler generated dependencies of target srdfdom[0m
[35m[1mConsolidate compiler generated dependencies of target gtest[0m
failed to create symbolic link '/root/ws_moveit/build/srdfdom/ament_cmake_python/srdfdom/srdfdom' because existing path cannot be removed: Is a directory
[ 18%] Built target gtest_main
gmake[2]: *** [CMakeFiles/ament_cmake_python_symlink_srdfdom.dir/build.make:70: CMakeFiles/ament_cmake_python_symlink_srdfdom] Error 1
gmake[1]: *** [CMakeFiles/Makefile2:188: CMakeFiles/ament_cmake_python_symlink_srdfdom.dir/all] Error 2
gmake[1]: *** Waiting for unfinished jobs....
[ 45%] Built target srdfdom
[ 63%] Built target gtest
gmake: *** [Makefile:146: all] Error 2
